28/05/2023 22:21:13.225 Log started.
28/05/2023 22:21:13.225 Unprotecting memory region '.text': 0x00001000 (size: 0x00456000)
28/05/2023 22:21:13.225 Unprotecting memory region '.rdata': 0x00458000 (size: 0x0004C000)
28/05/2023 22:21:13.225 Unprotecting memory region '.text': 0x008B1000 (size: 0x0064A000)
28/05/2023 22:21:13.225 Parsing FXT file CarSpawner.fxt
28/05/2023 22:21:13.225 Added FXT[FRBOX]
28/05/2023 22:21:13.225 Added FXT[TUGSTAI]
28/05/2023 22:21:13.225 Added FXT[ARTICT1]
28/05/2023 22:21:13.225 Added FXT[ARTICT2]
28/05/2023 22:21:13.225 Added FXT[ARTICT3]
28/05/2023 22:21:13.225 Added FXT[FARMTR1]
28/05/2023 22:21:13.225 Added FXT[BAGBOXA]
28/05/2023 22:21:13.225 Added FXT[BAGBOXB]
28/05/2023 22:21:13.225 Added FXT[UTILTR1]
28/05/2023 22:21:13.225 Added FXT[CSPAWN]
28/05/2023 22:21:13.240 Unloading plugins...
28/05/2023 22:21:13.240 Loading plugin cleo/CLEO+.cleo
28/05/2023 22:21:13.256 Loading plugin cleo/ClipboardCommands.cleo
28/05/2023 22:21:13.256 Loading plugin cleo/FileSystemOperations.cleo
28/05/2023 22:21:13.272 Loading plugin cleo/IniFiles.cleo
28/05/2023 22:21:13.272 Loading plugin cleo/IntOperations.cleo
28/05/2023 22:21:13.287 Started on game of version: SA 1.0 us
28/05/2023 22:21:13.287 Injecting MenuStatusNotifier...
28/05/2023 22:21:13.287 Replacing call: 0x0057B9FD
28/05/2023 22:21:13.287 Injecting DmaFix...
28/05/2023 22:21:13.287 Replacing call: 0x0053E981
28/05/2023 22:21:13.287 Injecting TextManager...
28/05/2023 22:21:13.287 Injecting function at: 0x006A0050
28/05/2023 22:21:13.287 Injecting SoundSystem...
28/05/2023 22:21:13.287 Replacing call: 0x007487A8
28/05/2023 22:21:13.287 Injecting CustomOpcodeSystem...
28/05/2023 22:21:13.287 Injecting ScriptEngine...
28/05/2023 22:21:13.287 Replacing call: 0x0046A21B
28/05/2023 22:21:13.287 Replacing call: 0x0058D552
28/05/2023 22:21:13.287 Replacing call: 0x0058FCE4
28/05/2023 22:21:13.287 Replacing call: 0x0053BDD7
28/05/2023 22:21:13.287 Replacing call: 0x005BA340
28/05/2023 22:21:13.287 Replacing call: 0x005D4FD7
28/05/2023 22:21:13.287 Replacing call: 0x005D18F0
28/05/2023 22:21:13.287 Replacing call: 0x005D14D5
28/05/2023 22:21:13.287 Injecting function at: 0x004667DB
28/05/2023 22:21:14.928 Creating main window...
28/05/2023 22:21:14.928 Found sound device 0: No sound
28/05/2023 22:21:14.928 Found sound device 1 (default): Speakers (Realtek(R) Audio)
28/05/2023 22:21:14.928 Found sound device 2: Speakers (Steam Streaming Microphone)
28/05/2023 22:21:14.928 Found sound device 3: Speakers (Steam Streaming Speakers)
28/05/2023 22:21:14.928 On system found 4 devices, 4 enabled devices, assuming device to use: 1 (Speakers (Realtek(R) Audio))
28/05/2023 22:21:14.943 SoundSystem initialized
28/05/2023 22:21:14.956 Floating-point audio supported!
28/05/2023 22:21:14.958 Audio hardware acceleration disabled (no EAX)
