Starting fastman92 limit adjuster 6.5, compilation time: May 14 2022 15:55:55 (UTC)
Website: http://fastman92.com

Launch time: 28-5-2023 18:40:52 (UTC), 20:40 (local)
Launched during the day.

Solution platform: WIN_X86
FASTMAN92_LIMIT_ADJUSTER_RELEASE_DIRECTORY is not defined. Documentation files will not be written.
Game detected: GTA SA 1.0 US HOODLUM 14383616 bytes
Game uses dynamic image base? No
Game preferred image base: 0x400000
Game current image base: 0x400000

Number of FLA modules: 70
Delayed processing of limits? No

Root base directory: 
Root directory: C:\Users\micro\Documents\GitHub\GTA-STAR-AND-STRIPES
Initial directory: C:\Users\micro\Documents\GitHub\GTA-STAR-AND-STRIPES
INI filename: fastman92limitAdjuster_GTASA.ini

Global exception handler has been registered.
---------------------------------------------
At least one ID limit is changed. ID limits will be patched.
Count of file IDs is over 32767 and requires unsigned ID. Applying unsigned ID patches.
Count of file IDs is over 65532 and base ID of CStreamingInfo requires int32_t. Applying int32_t base ID patches.
COL ID limit is over 256 and requires something more than uint8_t. Applying COL ID uint32_t patches.
IPL ID limit is over 256 and requires something more than uint8_t. Applying IPL ID uint32_t patches.

New ID limits:
0 - 64999 (65000) - DFF models defined within IDE files
65000 - 129999 (65000) - TXD texture archives.
130000 - 194999 (65000) - COL collision archives.
195000 - 197559 (2560) - IPL Binary IPL files.
197560 - 198583 (1024) - DAT files limited to nodes*.dat
198584 - 204083 (5500) - IFP animation archives.
204084 - 212206 (8123) - RRR car recordings, carrec*.rrr files
212207 - 212333 (127) - SCM scripts
212334 - 212335 (2) - Loaded list
212336 - 212337 (2) - Requested list
212338 - count of all file IDs


Addresses:
CModelInfo::ms_modelInfoPtrs: 0x1888860
CStreaming::ms_aInfoForModel: 0x418C020
CAnimManager::ms_aAnimBlocks: 0x18C8008
CVehicleRecording::StreamingArray: 0x18F2F90
CTheScripts::StreamedScripts: 0x1912B48


Format of new savefiles will be different: patch for block of IPL flags is applied! Number of IPL flags will depend on current IPL ID limit.
Format of new savefiles will be different: patch for enhanced format of model flags block is applied!
Format of new savefiles will be different: patch for save game of variable length is applied!
---------------------------------------------
Format of new savefiles will be different: patch for car generators with CCarGenerator_extended structure is applied!
Modified limit Car generators to: 500 Is CCarGenerator_extended structure used: 1
---------------------------------------------
Applied patch to make car generator accept any vehicle ID that meets a condition (ID == -1 || ID >= 10).
---------------------------------------------
Tracks*.dat coordinate limit patch enabled.
Tracks.dat file size limit set to 46384
Max number of track stations set to 9
Track config loader enabled.
Renderware world map size set to 48000 x 48000
Radar map size set to 48000 x 48000
Water map size set to 48000 x 48000
World map size set to 48000 x 48000
World sector size set to 100 x 100
World LOD sector size set to 300 x 300
Paths limit patch enabled.
Paths map size set to 24000 x 24000

Radar info:
Number of radar tiles per dimension: 96
Total number of radar tiles: 9216

Water info:
Water map size: 48000 x 48000
Number of water blocks per dimension: 96
Total number of water blocks: 9216

World map info info:
World map size: 48000 x 48000

World sectors:
CWorld::ms_aSectors
type: buildings, dummies
count: 480 * 480 = 230400
sector area: 100 x 100

CWorld::ms_aLodPtrLists
type: lod
count: 160 * 160 = 25600
sector area: 300 x 300

CWorld::ms_aRepeatSectors
type: vehicles, peds, object
count: 16 * 16 = 256



Paths info:
ThePaths: 0x1993008
Number of path tiles per dimension: 32
Total number of path tiles: 1024
---------------------------------------------
Modified limit of DYNAMIC LIMITS: VehicleStructs to: 500
---------------------------------------------
Modified limit of DYNAMIC LIMITS: rwObjectInstances to: 4000
---------------------------------------------
Modified limit of DYNAMIC LIMITS: Matrices to: 3000
---------------------------------------------
Modified limit of DYNAMIC LIMITS: PtrNode Singles to: 200000
---------------------------------------------
Modified limit of DYNAMIC LIMITS: PtrNode Doubles to: 150000
---------------------------------------------
Modified limit of DYNAMIC LIMITS: EntryInfoNodes to: 800
---------------------------------------------
Modified limit of DYNAMIC LIMITS: Objects to: 3500
---------------------------------------------
Modified limit of DYNAMIC LIMITS: QuadTreeNodes to: 1000
---------------------------------------------
Modified limit of DYNAMIC LIMITS: Collision links to: 5000
---------------------------------------------
Modified limit of DYNAMIC LIMITS: ColModels to: 60150
---------------------------------------------
Modified limit of DYNAMIC MODELS: CustomEnvMapPipeMatDataPool to: 10096
---------------------------------------------
Modified limit of DYNAMIC MODELS: CustomEnvMapPipeAtmDataPool to: 5024
---------------------------------------------
Modified limit of DYNAMIC MODELS: CustomSpecMapPipeMaterialDataPool to: 10096
---------------------------------------------
Modified limit of IPL:inst, buildings to: 100000
---------------------------------------------
Modified limit of IPL:inst, dummies to: 50000
---------------------------------------------
Modified limit of IPL: entity index array to: 1000
---------------------------------------------
Modified limit of IPL:map zones to: 3900
---------------------------------------------
Modified limit of IPL:navigation zones to: 620
---------------------------------------------
Modified limit of 'IPL:CULL tunnel attribute zones' to: 200
---------------------------------------------
Modified limit of 'IPL:CULL attribute zones' to: 5000
---------------------------------------------
Modified limit of IPL:Entry exits to: 900
---------------------------------------------
Modified limit of IPL:interior occluders to: 1000
---------------------------------------------
Modified limit of IPL:occluders to: 2000
---------------------------------------------
Modified limit of IPL:AUZO boxes to: 258 Is extended structure used: 1
---------------------------------------------
Enabled handling of new enhanced IMG archives.
---------------------------------------------
Modified max number of IMG archives to: 80
---------------------------------------------
Enabled handling of IMGLIST keyword.
---------------------------------------------
Modified limit of DIRECTORY LIMITS: Extra to: 1100
---------------------------------------------
Modified limit of DIRECTORY LIMITS: Clothes directory to: 550
---------------------------------------------
Modified limit of WATER LIMITS -> Water triangles to: 24
---------------------------------------------
Modified limit of WATER LIMITS -> Water quads to: 30100
---------------------------------------------
Modified limit of WATER LIMITS -> Water quads and triangles list triangles to: 6309
---------------------------------------------
Modified limit of WATER LIMITS -> Water vertices to: 15200
---------------------------------------------
Streaming memory available limit set to 2147483648 bytes (2048 MB)
---------------------------------------------
Modified limit of 'Number of requested models above which the game considers loading very busy' to: 7
---------------------------------------------
Modified limit of 'Minimum number of iterations in LoadAllRequestedModels' to: 15
---------------------------------------------
Modified script space limits:
 - max size of MAIN segment from main.scm: 2000000 bytes
 - max size of mission from main.scm: 690000 bytes
Total size of CTheScripts::ScriptSpace: 2690000 bytes
---------------------------------------------
Modified limit of SCM LIMITS: Running scripts to: 320
---------------------------------------------
Modified limit of SCM LIMITS: Mission cleanup to: 127
---------------------------------------------
Modified limit of SCM LIMITS: Max number of used objects to: 495
---------------------------------------------
Modified limit of SCM LIMITS: Switch jump table cases to: 495
---------------------------------------------
Modified limit of SCM LIMITS: Scripts for brains to: 90
---------------------------------------------
Modified limit of RENDERER: Invisible entity pointers to: 350
---------------------------------------------
Modified limit of RENDERER: Visible super LOD pointers to: 100
---------------------------------------------
Modified limit of RENDERER: Visible LOD pointers to: 2000
---------------------------------------------
Modified limit of RENDERER: Visible entity pointers to: 2000
---------------------------------------------
Modified limit of VISIBILITY: Alpha list limit to: 40
---------------------------------------------
Modified limit of VISIBILITY: Alpha boat atomic list to: 30
---------------------------------------------
Modified limit of VISIBILITY: Alpha entity list limit to: 300
---------------------------------------------
Modified limit of VISIBILITY: Alpha really draw last list limit to: 200
---------------------------------------------
Modified limit of VISIBILITY: Alpha really draw last list limit to: 70
---------------------------------------------
Modified limit of VISIBILITY: Weapon peds for PC limit to: 200
---------------------------------------------
Modified limit of OTHER LIMITS: Collision size to: 92768
---------------------------------------------
Modified limit of OTHER LIMITS: Coronas to: 20000
---------------------------------------------
Modified limit of OTHER LIMITS: Object info entries to: 1000
---------------------------------------------
Format of new savefiles will be different: patch for radar traces is applied.

Modified limit of OTHER LIMITS: Radar traces to: 375
---------------------------------------------
Format of new savefiles will be different: patch for set pieces is applied.

Modified limit of OTHER LIMITS: Set pieces active: 310 bCoordinateHack: 1
---------------------------------------------
Modified limit of hospital restarts to: 20
---------------------------------------------
Modified limit of police restarts to: 20
---------------------------------------------
SPECIAL: Make paintjobs work for any ID applied.
---------------------------------------------
Debugging output is enabled now. Use debugger to catch messages.
---------------------------------------------
"Enable logging of files loaded" is enabled now.
---------------------------------------------
---------------------------------------------
Roadblox.dat better loader is enabled.
---------------------------------------------
Train type carriages loader is enabled. ms_numberOfTypeIDs = 19, ms_maxNumberOfVehiclesForType = 18.
---------------------------------------------
FLA loading text is disabled.
---------------------------------------------
Number of memory changes made: 8829
---------------------------------------------

Game has crashed, here's a crash log:
Current process ID: 16276
Current thread ID: 9228
Last file to be loaded: AUDIO\STREAMS\AA
Last library loaded: C:\WINDOWS\system32\nvspcap.dll
Exception address: 0x004DD5A3 ("gta_ss.exe"+0xDD5A3)
Exception code: 0xC0000005 (EXCEPTION_ACCESS_VIOLATION)
Inaccessible memory address: 0x0

General registers:
EAX: 0x00000000 (0)
EBX: 0x00000000 (0)
ECX: 0x00000000 (0)
EDX: 0x00000000 (0)
ESI: 0x00B6BD44 (11976004)
EDI: 0x0000001B (27)
EBP: 0x77538230 (2001961520)
ESP: 0x0177FC88 (24640648)
EIP: 0x004DD5A3 (5100963) ["gta_ss.exe"+0xDD5A3]
EFL: 0x00010293 (66195)

Segment registers:
CS: 0023
DS: 002B
ES: 002B
FS: 0053
GS: 002B
SS: 002B

FPU registers:
ST0: 1.000000 bytes: 00 00 00 00 00 00 00 80 FF 3F
ST1: -52083.335938 bytes: 00 00 00 00 00 56 73 CB 0E C0
ST2: 1.000000 bytes: 00 00 00 00 00 00 00 80 FF 3F
ST3: -92591.593750 bytes: 00 00 00 00 00 CC D7 B4 0F C0
ST4: 185186.187500 bytes: 00 00 00 00 00 8C D8 B4 10 40
ST5: 0.000000 bytes: 00 00 00 00 00 00 00 00 00 00
ST6: 208.019318 bytes: 00 00 00 00 00 F2 04 D0 06 40
ST7: 916.071472 bytes: 00 00 00 00 00 93 04 E5 08 40
CTRL: 007F
STAT: 0865
TAGS: FFFF

MMX registers, 8 bytes:
MM0: 00 00 00 00 00 00 00 80
MM1: 00 00 00 00 00 56 73 CB
MM2: 00 00 00 00 00 00 00 80
MM3: 00 00 00 00 00 CC D7 B4
MM4: 00 00 00 00 00 8C D8 B4
MM5: 00 00 00 00 00 00 00 00
MM6: 00 00 00 00 00 F2 04 D0
MM7: 00 00 00 00 00 93 04 E5

XMM registers, 16 bytes:
XMM0: 00 00 00 00 00 00 00 00 00 00 00 00 00 00 00 00
XMM1: 00 00 00 00 00 00 00 00 00 00 00 00 00 00 00 00
XMM2: 00 00 00 00 00 00 00 00 00 00 00 00 00 00 00 00
XMM3: 00 00 00 00 00 00 00 00 00 00 00 00 00 00 00 00
XMM4: 00 00 00 00 00 00 00 00 00 00 00 00 00 00 00 00
XMM5: 00 00 00 00 00 00 00 00 00 00 00 00 00 00 00 00
XMM6: 00 00 00 00 00 00 00 00 00 00 00 00 00 00 00 00
XMM7: 00 00 00 00 00 00 00 00 00 00 00 00 00 00 00 00

Stack (printing from 0x177FC88):
+0x000  1B 00 00 00  48 67 BA 00  30 82 53 77  00 00 00 00
+0x010  00 00 00 00  00 00 80 BF  00 00 00 00  00 00 00 00
+0x020  00 00 80 3F  00 00 00 00  00 00 00 00  00 00 00 00
+0x030  00 00 80 3F  00 00 00 00  00 00 00 00  00 00 00 00
+0x040  00 00 00 00  00 00 00 00  00 00 00 00  00 00 00 00
+0x050  00 00 00 00  00 00 00 00  00 00 00 00  00 00 00 00
+0x060  00 00 00 00  00 00 00 00  00 00 00 00  00 00 00 00
+0x070  00 00 00 00  00 00 00 00  00 00 00 00  00 00 00 00
+0x080  00 00 00 00  00 00 00 00  00 00 00 00  00 00 00 00
+0x090  00 00 00 00  00 00 00 00  00 00 00 00  00 00 00 00
+0x0A0  00 00 00 00  00 00 00 00  00 00 00 00  00 00 00 00
+0x0B0  00 00 00 00  CD CC CC BD  00 00 80 3F  00 00 00 00
+0x0C0  CD CC CC 3D  00 00 80 3F  00 00 00 00  CD CC CC 3D
+0x0D0  00 00 80 BF  00 00 00 00  CD CC CC BD  00 00 80 BF
+0x0E0  00 00 00 00  60 FF 77 01  3B BF 83 00  FF FF FF FF
+0x0F0  1D 6C 57 00  00 00 00 00  00 00 00 00  00 00 80 3F
+0x100  00 00 00 00  00 00 00 00  AA E7 53 00  D0 EC 53 00
+0x110  71 9B 61 00  1B 00 00 00  00 00 00 00  01 00 00 00
+0x120  01 00 00 00  C7 8C 74 00  1B 00 00 00  00 00 00 00
+0x130  00 11 6D 77  00 00 00 00  70 FF 77 01  00 20 29 00

base: 0x1580000   top: 0x177FC88   bottom: 0x1780000

Module list
; Path	Module file size		Base	Size of image	Entry point
C:\Users\micro\Documents\GitHub\GTA-STAR-AND-STRIPES\gta_ss.exe	14383616	0x00400000	0x01177000	0x00824570
C:\WINDOWS\SYSTEM32\ntdll.dll	1699912	0x77D60000	0x001A4000	0x00000000
C:\WINDOWS\System32\KERNEL32.DLL	645968	0x776B0000	0x000F0000	0x776CFC70
C:\WINDOWS\System32\KERNELBASE.dll	2336136	0x769A0000	0x0023A000	0x76ABD7F0
C:\WINDOWS\System32\WS2_32.dll	397728	0x77200000	0x00063000	0x77204B40
C:\WINDOWS\System32\RPCRT4.dll	781456	0x77130000	0x000BF000	0x7716D810
C:\WINDOWS\System32\USER32.dll	1684280	0x77510000	0x0019C000	0x7754D160
C:\WINDOWS\System32\win32u.dll	94024	0x76BE0000	0x00018000	0x00000000
C:\WINDOWS\SYSTEM32\WINMM.dll	149272	0x74E20000	0x00028000	0x74E255B0
C:\Users\micro\Documents\GitHub\GTA-STAR-AND-STRIPES\vorbisfile.dll	53760	0x65870000	0x00011000	0x6587197B
C:\WINDOWS\System32\GDI32.dll	142016	0x76DF0000	0x00024000	0x76DF7560
C:\WINDOWS\System32\msvcrt.dll	775256	0x75D70000	0x000BF000	0x75DA5AC0
C:\WINDOWS\System32\gdi32full.dll	929184	0x76D00000	0x000E5000	0x76D61C80
C:\Users\micro\Documents\GitHub\GTA-STAR-AND-STRIPES\EAX.DLL	188416	0x10000000	0x00030000	0x1001A472
C:\WINDOWS\System32\msvcp_win.dll	495840	0x777A0000	0x0007B000	0x777B7800
C:\WINDOWS\System32\ucrtbase.dll	1181208	0x77950000	0x00120000	0x7797BA30
C:\WINDOWS\System32\ADVAPI32.dll	500512	0x77270000	0x0007C000	0x772822E0
C:\WINDOWS\System32\sechost.dll	477784	0x75CF0000	0x00076000	0x75D10D70
C:\WINDOWS\System32\ole32.dll	927656	0x75C00000	0x000E3000	0x75C2C900
C:\WINDOWS\System32\combase.dll	2633112	0x77AD0000	0x00280000	0x77C0B980
C:\WINDOWS\System32\IMM32.DLL	146888	0x77080000	0x00025000	0x77084410
C:\Users\micro\Documents\GitHub\GTA-STAR-AND-STRIPES\vorbishooked.DLL	65536	0x02080000	0x00011000	0x02084C98
C:\Users\micro\Documents\GitHub\GTA-STAR-AND-STRIPES\ogg.dll	36864	0x020A0000	0x00009000	0x020A302E
C:\Users\micro\Documents\GitHub\GTA-STAR-AND-STRIPES\vorbis.dll	1060864	0x03930000	0x00108000	0x03943F7C
C:\Users\micro\Documents\GitHub\GTA-STAR-AND-STRIPES\$fastman92limitAdjuster.asi	11247616	0x62820000	0x00AC4000	0x62929717
C:\WINDOWS\System32\SHELL32.dll	6017784	0x75E90000	0x005B6000	0x7600C120
C:\WINDOWS\System32\PSAPI.DLL	17016	0x76890000	0x00006000	0x768914D0
C:\WINDOWS\System32\SHLWAPI.dll	276840	0x773D0000	0x00045000	0x773E7890
C:\WINDOWS\WinSxS\x86_microsoft.windows.common-controls_6595b64144ccf1df_5.82.19041.1110_none_c0da534e38c01f4d\COMCTL32.dll	568144	0x63E70000	0x0008D000	0x63ED7340
C:\Users\micro\Documents\GitHub\GTA-STAR-AND-STRIPES\MinHook.x86.dll	14848	0x65860000	0x00007000	0x00000000
C:\Users\micro\Documents\GitHub\GTA-STAR-AND-STRIPES\DllTricks.dll	33792	0x67710000	0x0000D000	0x6771147F
C:\Users\micro\Documents\GitHub\GTA-STAR-AND-STRIPES\zlib1.dll	74752	0x64190000	0x00016000	0x6419C2A7
C:\WINDOWS\SYSTEM32\VCRUNTIME140.dll	79792	0x67720000	0x00015000	0x6772EE10
C:\Users\micro\Documents\GitHub\GTA-STAR-AND-STRIPES\B1ack_Eng1ne.asi	824832	0x63530000	0x00130000	0x635C0620
C:\WINDOWS\SYSTEM32\MSVCP140.dll	439208	0x64040000	0x0006D000	0x6407C9E0
C:\WINDOWS\SYSTEM32\CRYPTBASE.DLL	31528	0x75000000	0x0000A000	0x75002A60
C:\WINDOWS\System32\bcryptPrimitives.dll	384312	0x77A70000	0x0005F000	0x77AA36C0
C:\Users\micro\Documents\GitHub\GTA-STAR-AND-STRIPES\bass_vst.asi	30720	0x64180000	0x0000B000	0x64185F36
C:\WINDOWS\System32\COMDLG32.dll	688128	0x77460000	0x000AF000	0x774A2290
C:\WINDOWS\System32\shcore.dll	545984	0x76F90000	0x00087000	0x76FD2480
C:\Users\micro\Documents\GitHub\GTA-STAR-AND-STRIPES\BASS.dll	107584	0x11000000	0x0004D000	0x1104C036
C:\WINDOWS\SYSTEM32\MSVCR100.dll	773968	0x63DB0000	0x000BF000	0x63DC1DFC
C:\WINDOWS\SYSTEM32\MSACM32.dll	93472	0x65650000	0x00019000	0x65654420
C:\WINDOWS\SYSTEM32\winmmbase.dll	110720	0x65630000	0x0001D000	0x65643850
C:\Users\micro\Documents\GitHub\GTA-STAR-AND-STRIPES\CLEO.asi	324096	0x63B60000	0x00079000	0x63B753C0
C:\Users\micro\Documents\GitHub\GTA-STAR-AND-STRIPES\cleo\CLEO+.cleo	639272	0x63470000	0x000BE000	0x634B2747
C:\Users\micro\Documents\GitHub\GTA-STAR-AND-STRIPES\cleo\ClipboardCommands.cleo	42496	0x64170000	0x0000E000	0x641713C0
C:\Users\micro\Documents\GitHub\GTA-STAR-AND-STRIPES\cleo\FileSystemOperations.cleo	98304	0x64020000	0x0001C000	0x64021A5A
C:\Users\micro\Documents\GitHub\GTA-STAR-AND-STRIPES\cleo\IniFiles.cleo	110080	0x64000000	0x0001F000	0x64001971
C:\Users\micro\Documents\GitHub\GTA-STAR-AND-STRIPES\cleo\IntOperations.cleo	76800	0x63FE0000	0x00017000	0x63FE16A4
C:\Users\micro\Documents\GitHub\GTA-STAR-AND-STRIPES\discord-rpc.asi	307720	0x633E0000	0x00084000	0x633EA47D
C:\Users\micro\Documents\GitHub\GTA-STAR-AND-STRIPES\gsx.asi	336384	0x63AE0000	0x00056000	0x63AF9652
C:\Users\micro\Documents\GitHub\GTA-STAR-AND-STRIPES\SilentPatchSA.asi	282624	0x627D0000	0x00049000	0x627F1860
C:\Users\micro\Documents\GitHub\GTA-STAR-AND-STRIPES\skygfx.asi	325416	0x62650000	0x000B0000	0x6266C48C
C:\Users\micro\Documents\GitHub\GTA-STAR-AND-STRIPES\wshps.asi	130048	0x63D80000	0x00024000	0x63D8B55C
C:\Users\micro\Documents\GitHub\GTA-STAR-AND-STRIPES\_noDEP.asi	69632	0x63AC0000	0x00016000	0x63AC11A3
C:\Users\micro\Documents\GitHub\GTA-STAR-AND-STRIPES\scripts\GTASA.WidescreenFix.asi	325120	0x625F0000	0x00054000	0x62605221
C:\WINDOWS\system32\uxtheme.dll	454144	0x6F900000	0x00074000	0x6F937310
C:\WINDOWS\System32\MSCTF.dll	863768	0x772F0000	0x000D4000	0x7733DBC0
C:\WINDOWS\System32\OLEAUT32.dll	606888	0x77820000	0x00096000	0x77855CD0
C:\WINDOWS\SYSTEM32\kernel.appcore.dll	52672	0x75120000	0x0000F000	0x751247E0
C:\WINDOWS\SYSTEM32\textinputframework.dll	757256	0x6FBA0000	0x000BA000	0x6FBE07C0
C:\WINDOWS\System32\CoreUIComponents.dll	2621720	0x6F680000	0x0027E000	0x6F6DE960
C:\WINDOWS\System32\CoreMessaging.dll	631648	0x6FB00000	0x0009B000	0x6FB60F60
C:\WINDOWS\SYSTEM32\ntmarta.dll	152904	0x70780000	0x00029000	0x70787E90
C:\WINDOWS\SYSTEM32\wintypes.dll	899208	0x6F9C0000	0x000DB000	0x6FA38BA0
C:\WINDOWS\SYSTEM32\TextShaping.dll	611960	0x641B0000	0x00094000	0x6423F2B0
C:\Users\micro\Documents\GitHub\GTA-STAR-AND-STRIPES\debugmenu.DLL	318464	0x62590000	0x00055000	0x62595A8F
C:\WINDOWS\SYSTEM32\windows.storage.dll	6377272	0x75180000	0x0060D000	0x7535A360
C:\WINDOWS\SYSTEM32\Wldp.dll	145176	0x75150000	0x00025000	0x75158970
C:\WINDOWS\SYSTEM32\DDRAW.dll	527360	0x624A0000	0x000E9000	0x624B12A0
C:\WINDOWS\SYSTEM32\dxgi.dll	785056	0x6E530000	0x000C2000	0x6E564290
C:\WINDOWS\SYSTEM32\DCIMAN32.dll	11776	0x63FD0000	0x00007000	0x63FD2020
C:\WINDOWS\System32\crypt32.dll	1040200	0x768A0000	0x00100000	0x768F5AD0
C:\WINDOWS\System32\WINTRUST.DLL	311896	0x76C00000	0x0004C000	0x76C163D0
C:\WINDOWS\SYSTEM32\MSASN1.dll	51664	0x71B80000	0x0000E000	0x71B85910
C:\WINDOWS\System32\imagehlp.dll	95496	0x76C50000	0x00019000	0x76C56560
C:\WINDOWS\SYSTEM32\CRYPTSP.dll	68192	0x75040000	0x00013000	0x75045D30
C:\WINDOWS\system32\rsaenh.dll	184888	0x75010000	0x0002F000	0x7501CB30
C:\WINDOWS\System32\bcrypt.dll	97608	0x76C70000	0x00019000	0x76C793E0
C:\WINDOWS\SYSTEM32\gpapi.dll	114848	0x71B60000	0x0001E000	0x71B695F0
C:\WINDOWS\SYSTEM32\profapi.dll	89360	0x75130000	0x00018000	0x7513A250
C:\WINDOWS\SYSTEM32\cryptnet.dll	145144	0x69690000	0x00026000	0x6969DBA0
C:\WINDOWS\SYSTEM32\dxcore.dll	163216	0x6C990000	0x0002C000	0x6C9AA570
C:\WINDOWS\System32\cfgmgr32.dll	237568	0x77420000	0x0003B000	0x7742D450
C:\WINDOWS\SYSTEM32\DSOUND.dll	493056	0x62420000	0x0007F000	0x6244F300
C:\WINDOWS\SYSTEM32\powrprof.dll	268080	0x6FC70000	0x00044000	0x6FC76ED0
C:\WINDOWS\SYSTEM32\UMPDC.dll	47472	0x6FD90000	0x0000D000	0x6FD97560
C:\WINDOWS\System32\clbcatq.dll	505600	0x770B0000	0x0007E000	0x7711BDA0
C:\WINDOWS\System32\MMDevApi.dll	422544	0x6ECA0000	0x0006B000	0x6ECC5ED0
C:\WINDOWS\System32\DEVOBJ.dll	139976	0x706E0000	0x00024000	0x706E9990
C:\WINDOWS\SYSTEM32\AUDIOSES.DLL	1259320	0x67E30000	0x00136000	0x67E73070
C:\WINDOWS\SYSTEM32\resourcepolicyclient.dll	52664	0x65DE0000	0x0000F000	0x65DE42F0
C:\WINDOWS\SYSTEM32\DINPUT8.dll	171008	0x62790000	0x00037000	0x62797F90
C:\WINDOWS\SYSTEM32\inputhost.dll	968952	0x6EF90000	0x000ED000	0x6F055ED0
C:\WINDOWS\SYSTEM32\PROPSYS.dll	792832	0x6FCC0000	0x000C2000	0x6FD20B90
C:\WINDOWS\SYSTEM32\HID.DLL	25600	0x68030000	0x0000A000	0x68031BB0
C:\WINDOWS\System32\SETUPAPI.DLL	4435728	0x76450000	0x00434000	0x7647F0C0
C:\WINDOWS\SYSTEM32\d3d9.dll	1619704	0x65A10000	0x0018F000	0x65A88760
C:\WINDOWS\SYSTEM32\dwmapi.dll	138936	0x6FAB0000	0x00026000	0x6FAB6050
C:\WINDOWS\System32\DriverStore\FileRepository\nvacegpu.inf_amd64_c16d6a1c10b20f6e\nvldumd.dll	801616	0x6CA20000	0x000C7000	0x6CA223E0
C:\WINDOWS\SYSTEM32\VERSION.dll	27320	0x746E0000	0x00008000	0x746E1800
C:\WINDOWS\System32\DriverStore\FileRepository\nvacegpu.inf_amd64_c16d6a1c10b20f6e\nvd3dum.dll	18268408	0x612E0000	0x01137000	0x61B7AD10
C:\WINDOWS\SYSTEM32\dcomp.dll	1449312	0x6E600000	0x00164000	0x6E66EBB0
C:\Windows\System32\quartz.dll	1470976	0x61140000	0x0019A000	0x6116B160
Game terminated.